<?xml version="1.0" encoding="UTF-8"?>
<!-- Generated by org.testng.reporters.JUnitReportReporter -->
<testsuite skipped="0" hostname="DESKTOP-81U3LVR" name="tracksPageScripts.ConfigPageScripts" tests="2" failures="0" timestamp="11 Jun 2018 08:30:54 GMT" time="17.248" errors="0">
  <testcase name="PlatformAdminlogin" time="12.909" classname="tracksPageScripts.ConfigPageScripts"/>
  <testcase name="PlatformAdmin_Config_tc_1" time="4.339" classname="tracksPageScripts.ConfigPageScripts"/>
</testsuite> <!-- tracksPageScripts.ConfigPageScripts -->
