<?xml version="1.0" encoding="UTF-8"?>
<!-- Generated by org.testng.reporters.JUnitReportReporter -->
<testsuite skipped="0" hostname="DESKTOP-81U3LVR" name="tracksPageScripts.RegisterPageScripts" tests="3" failures="0" timestamp="11 Jun 2018 08:30:54 GMT" time="11.123" errors="0">
  <testcase name="register_tc_1" time="6.040" classname="tracksPageScripts.RegisterPageScripts"/>
  <testcase name="register_tc_2" time="4.694" classname="tracksPageScripts.RegisterPageScripts"/>
  <testcase name="register_tc_3" time="0.389" classname="tracksPageScripts.RegisterPageScripts"/>
</testsuite> <!-- tracksPageScripts.RegisterPageScripts -->
