<?xml version="1.0" encoding="UTF-8"?>
<!-- Generated by org.testng.reporters.JUnitReportReporter -->
<testsuite skipped="0" hostname="DESKTOP-81U3LVR" name="tracksPageScripts.SystemAdminUserPageScripts" tests="4" failures="0" timestamp="11 Jun 2018 08:30:54 GMT" time="62.362" errors="0">
  <testcase name="tc_login" time="13.054" classname="tracksPageScripts.SystemAdminUserPageScripts"/>
  <testcase name="SystemAdmin_users_tc_1" time="22.040" classname="tracksPageScripts.SystemAdminUserPageScripts"/>
  <testcase name="SystemAdmin_users_tc_2" time="11.460" classname="tracksPageScripts.SystemAdminUserPageScripts"/>
  <testcase name="SystemAdmin_users_tc_3" time="15.808" classname="tracksPageScripts.SystemAdminUserPageScripts"/>
</testsuite> <!-- tracksPageScripts.SystemAdminUserPageScripts -->
