<?xml version="1.0" encoding="UTF-8"?>
<!-- Generated by org.testng.reporters.JUnitReportReporter -->
<testsuite skipped="0" hostname="DESKTOP-81U3LVR" name="tracksPageScripts.TenantPageScripts" tests="4" failures="0" timestamp="11 Jun 2018 08:30:54 GMT" time="39.208" errors="0">
  <testcase name="PlatformAdminlogin" time="11.468" classname="tracksPageScripts.TenantPageScripts"/>
  <testcase name="PlatformAdmin_Tenant_tc_1" time="9.254" classname="tracksPageScripts.TenantPageScripts"/>
  <testcase name="PlatformAdmin_Tenant_tc_2" time="7.099" classname="tracksPageScripts.TenantPageScripts"/>
  <testcase name="PlatformAdmin_Tenant_tc_3" time="11.387" classname="tracksPageScripts.TenantPageScripts"/>
</testsuite> <!-- tracksPageScripts.TenantPageScripts -->
