<?xml version="1.0" encoding="UTF-8"?>
<!-- Generated by org.testng.reporters.JUnitReportReporter -->
<testsuite skipped="0" hostname="DESKTOP-81U3LVR" name="tracksPageScripts.SystemAdminCoursePageScripts" tests="4" failures="0" timestamp="11 Jun 2018 08:30:54 GMT" time="38.427" errors="0">
  <testcase name="tc_login" time="13.135" classname="tracksPageScripts.SystemAdminCoursePageScripts"/>
  <testcase name="systemAdmin_Course_tc_1" time="8.273" classname="tracksPageScripts.SystemAdminCoursePageScripts"/>
  <testcase name="systemAdmin_Course_tc_2" time="7.343" classname="tracksPageScripts.SystemAdminCoursePageScripts"/>
  <testcase name="systemAdmin_Course_tc_3" time="9.676" classname="tracksPageScripts.SystemAdminCoursePageScripts"/>
</testsuite> <!-- tracksPageScripts.SystemAdminCoursePageScripts -->
