<?xml version="1.0" encoding="UTF-8"?>
<!-- Generated by org.testng.reporters.JUnitReportReporter -->
<testsuite skipped="0" hostname="DESKTOP-81U3LVR" name="tracksPageScripts.SystemUserSignupPageScripts" tests="4" failures="0" timestamp="11 Jun 2018 08:30:54 GMT" time="27.141" errors="0">
  <testcase name="tc_login" time="11.337" classname="tracksPageScripts.SystemUserSignupPageScripts"/>
  <testcase name="systemAdmin_SignUp_tc_1" time="0.703" classname="tracksPageScripts.SystemUserSignupPageScripts"/>
  <testcase name="systemAdmin_SignUp_tc_2" time="6.501" classname="tracksPageScripts.SystemUserSignupPageScripts"/>
  <testcase name="systemAdmin_SignUp_tc_3" time="8.600" classname="tracksPageScripts.SystemUserSignupPageScripts"/>
</testsuite> <!-- tracksPageScripts.SystemUserSignupPageScripts -->
