<?xml version="1.0" encoding="UTF-8"?>
<!-- Generated by org.testng.reporters.JUnitReportReporter -->
<testsuite skipped="0" hostname="DESKTOP-81U3LVR" name="tracksPageScripts.InstitutionPageScripts" tests="4" failures="0" timestamp="11 Jun 2018 08:30:54 GMT" time="46.570" errors="0">
  <testcase name="tc_login" time="11.824" classname="tracksPageScripts.InstitutionPageScripts"/>
  <testcase name="PlatformAdmin_institution_tc_1" time="10.029" classname="tracksPageScripts.InstitutionPageScripts"/>
  <testcase name="PlatformAdmin_institution_tc_2" time="9.860" classname="tracksPageScripts.InstitutionPageScripts"/>
  <testcase name="PlatformAdmin_institution_tc_3" time="14.857" classname="tracksPageScripts.InstitutionPageScripts"/>
</testsuite> <!-- tracksPageScripts.InstitutionPageScripts -->
