<?xml version="1.0" encoding="UTF-8"?>
<!-- Generated by org.testng.reporters.JUnitReportReporter -->
<testsuite skipped="0" hostname="DESKTOP-81U3LVR" name="tracksPageScripts.SystemAdminInstitutionPageScripts" tests="4" failures="0" timestamp="11 Jun 2018 08:30:54 GMT" time="44.002" errors="0">
  <testcase name="tc_login" time="12.189" classname="tracksPageScripts.SystemAdminInstitutionPageScripts"/>
  <testcase name="SystemAdmin_institution_tc_1" time="9.416" classname="tracksPageScripts.SystemAdminInstitutionPageScripts"/>
  <testcase name="SystemAdmin_institution_tc_2" time="8.967" classname="tracksPageScripts.SystemAdminInstitutionPageScripts"/>
  <testcase name="SystemAdmin_institution_tc_3" time="13.430" classname="tracksPageScripts.SystemAdminInstitutionPageScripts"/>
</testsuite> <!-- tracksPageScripts.SystemAdminInstitutionPageScripts -->
