<?xml version="1.0" encoding="UTF-8"?>
<!-- Generated by org.testng.reporters.JUnitReportReporter -->
<testsuite skipped="0" hostname="DESKTOP-81U3LVR" name="tracksPageScripts.UserPageScripts" tests="4" failures="0" timestamp="11 Jun 2018 08:30:54 GMT" time="57.070" errors="0">
  <testcase name="tc_login" time="12.239" classname="tracksPageScripts.UserPageScripts"/>
  <testcase name="PlatformAdmin_users_tc_1" time="15.560" classname="tracksPageScripts.UserPageScripts"/>
  <testcase name="PlatformAdmin_users_tc_2" time="11.771" classname="tracksPageScripts.UserPageScripts"/>
  <testcase name="PlatformAdmin_users_tc_3" time="17.500" classname="tracksPageScripts.UserPageScripts"/>
</testsuite> <!-- tracksPageScripts.UserPageScripts -->
